[0.422s] Invoking command in '/home/pratik/Desktop/ros2_learning/py_pubsub': PYTHONPATH=/home/pratik/Desktop/ros2_learning/install/py_pubsub/lib/python3.8/site-packages:${PYTHONPATH} /usr/bin/python3 setup.py egg_info --egg-base /home/pratik/Desktop/ros2_learning/build/py_pubsub build --build-base /home/pratik/Desktop/ros2_learning/build/py_pubsub/build install --prefix /home/pratik/Desktop/ros2_learning/install/py_pubsub --record /home/pratik/Desktop/ros2_learning/build/py_pubsub/install.log --single-version-externally-managed
[0.850s] running egg_info
[0.851s] creating /home/pratik/Desktop/ros2_learning/build/py_pubsub/py_pubsub.egg-info
[0.852s] writing /home/pratik/Desktop/ros2_learning/build/py_pubsub/py_pubsub.egg-info/PKG-INFO
[0.854s] writing dependency_links to /home/pratik/Desktop/ros2_learning/build/py_pubsub/py_pubsub.egg-info/dependency_links.txt
[0.855s] writing entry points to /home/pratik/Desktop/ros2_learning/build/py_pubsub/py_pubsub.egg-info/entry_points.txt
[0.856s] writing requirements to /home/pratik/Desktop/ros2_learning/build/py_pubsub/py_pubsub.egg-info/requires.txt
[0.863s] writing top-level names to /home/pratik/Desktop/ros2_learning/build/py_pubsub/py_pubsub.egg-info/top_level.txt
[0.959s] writing manifest file '/home/pratik/Desktop/ros2_learning/build/py_pubsub/py_pubsub.egg-info/SOURCES.txt'
[1.067s] reading manifest file '/home/pratik/Desktop/ros2_learning/build/py_pubsub/py_pubsub.egg-info/SOURCES.txt'
[1.068s] writing manifest file '/home/pratik/Desktop/ros2_learning/build/py_pubsub/py_pubsub.egg-info/SOURCES.txt'
[1.068s] running build
[1.068s] running build_py
[1.069s] creating /home/pratik/Desktop/ros2_learning/build/py_pubsub/build
[1.069s] creating /home/pratik/Desktop/ros2_learning/build/py_pubsub/build/lib
[1.069s] creating /home/pratik/Desktop/ros2_learning/build/py_pubsub/build/lib/py_pubsub
[1.070s] copying py_pubsub/__init__.py -> /home/pratik/Desktop/ros2_learning/build/py_pubsub/build/lib/py_pubsub
[1.071s] copying py_pubsub/subscriber_member_function.py -> /home/pratik/Desktop/ros2_learning/build/py_pubsub/build/lib/py_pubsub
[1.071s] copying py_pubsub/publisher_member_function.py -> /home/pratik/Desktop/ros2_learning/build/py_pubsub/build/lib/py_pubsub
[1.071s] running install
[1.073s] running install_lib
[1.076s] creating /home/pratik/Desktop/ros2_learning/install/py_pubsub/lib/python3.8/site-packages/py_pubsub
[1.076s] copying /home/pratik/Desktop/ros2_learning/build/py_pubsub/build/lib/py_pubsub/__init__.py -> /home/pratik/Desktop/ros2_learning/install/py_pubsub/lib/python3.8/site-packages/py_pubsub
[1.076s] copying /home/pratik/Desktop/ros2_learning/build/py_pubsub/build/lib/py_pubsub/subscriber_member_function.py -> /home/pratik/Desktop/ros2_learning/install/py_pubsub/lib/python3.8/site-packages/py_pubsub
[1.077s] copying /home/pratik/Desktop/ros2_learning/build/py_pubsub/build/lib/py_pubsub/publisher_member_function.py -> /home/pratik/Desktop/ros2_learning/install/py_pubsub/lib/python3.8/site-packages/py_pubsub
[1.077s] byte-compiling /home/pratik/Desktop/ros2_learning/install/py_pubsub/lib/python3.8/site-packages/py_pubsub/__init__.py to __init__.cpython-38.pyc
[1.079s] byte-compiling /home/pratik/Desktop/ros2_learning/install/py_pubsub/lib/python3.8/site-packages/py_pubsub/subscriber_member_function.py to subscriber_member_function.cpython-38.pyc
[1.079s] byte-compiling /home/pratik/Desktop/ros2_learning/install/py_pubsub/lib/python3.8/site-packages/py_pubsub/publisher_member_function.py to publisher_member_function.cpython-38.pyc
[1.079s] running install_data
[1.081s] creating /home/pratik/Desktop/ros2_learning/install/py_pubsub/share/ament_index
[1.081s] creating /home/pratik/Desktop/ros2_learning/install/py_pubsub/share/ament_index/resource_index
[1.081s] creating /home/pratik/Desktop/ros2_learning/install/py_pubsub/share/ament_index/resource_index/packages
[1.082s] copying resource/py_pubsub -> /home/pratik/Desktop/ros2_learning/install/py_pubsub/share/ament_index/resource_index/packages
[1.082s] copying package.xml -> /home/pratik/Desktop/ros2_learning/install/py_pubsub/share/py_pubsub
[1.082s] running install_egg_info
[1.085s] Copying /home/pratik/Desktop/ros2_learning/build/py_pubsub/py_pubsub.egg-info to /home/pratik/Desktop/ros2_learning/install/py_pubsub/lib/python3.8/site-packages/py_pubsub-0.0.0-py3.8.egg-info
[1.087s] running install_scripts
[1.114s] Installing talker script to /home/pratik/Desktop/ros2_learning/install/py_pubsub/lib/py_pubsub
[1.125s] writing list of installed files to '/home/pratik/Desktop/ros2_learning/build/py_pubsub/install.log'
[1.151s] Invoked command in '/home/pratik/Desktop/ros2_learning/py_pubsub' returned '0': PYTHONPATH=/home/pratik/Desktop/ros2_learning/install/py_pubsub/lib/python3.8/site-packages:${PYTHONPATH} /usr/bin/python3 setup.py egg_info --egg-base /home/pratik/Desktop/ros2_learning/build/py_pubsub build --build-base /home/pratik/Desktop/ros2_learning/build/py_pubsub/build install --prefix /home/pratik/Desktop/ros2_learning/install/py_pubsub --record /home/pratik/Desktop/ros2_learning/build/py_pubsub/install.log --single-version-externally-managed
