[0.417s] Invoking command in '/home/pratik/Desktop/ros2_learning/my_package': PYTHONPATH=/home/pratik/Desktop/ros2_learning/install/my_package/lib/python3.8/site-packages:${PYTHONPATH} /usr/bin/python3 setup.py egg_info --egg-base /home/pratik/Desktop/ros2_learning/build/my_package build --build-base /home/pratik/Desktop/ros2_learning/build/my_package/build install --prefix /home/pratik/Desktop/ros2_learning/install/my_package --record /home/pratik/Desktop/ros2_learning/build/my_package/install.log --single-version-externally-managed
[0.955s] running egg_info
[0.960s] creating /home/pratik/Desktop/ros2_learning/build/my_package/my_package.egg-info
[0.967s] writing /home/pratik/Desktop/ros2_learning/build/my_package/my_package.egg-info/PKG-INFO
[0.976s] writing dependency_links to /home/pratik/Desktop/ros2_learning/build/my_package/my_package.egg-info/dependency_links.txt
[0.979s] writing entry points to /home/pratik/Desktop/ros2_learning/build/my_package/my_package.egg-info/entry_points.txt
[0.981s] writing requirements to /home/pratik/Desktop/ros2_learning/build/my_package/my_package.egg-info/requires.txt
[0.982s] writing top-level names to /home/pratik/Desktop/ros2_learning/build/my_package/my_package.egg-info/top_level.txt
[1.054s] writing manifest file '/home/pratik/Desktop/ros2_learning/build/my_package/my_package.egg-info/SOURCES.txt'
[1.194s] reading manifest file '/home/pratik/Desktop/ros2_learning/build/my_package/my_package.egg-info/SOURCES.txt'
[1.195s] writing manifest file '/home/pratik/Desktop/ros2_learning/build/my_package/my_package.egg-info/SOURCES.txt'
[1.195s] running build
[1.196s] running build_py
[1.196s] creating /home/pratik/Desktop/ros2_learning/build/my_package/build
[1.196s] creating /home/pratik/Desktop/ros2_learning/build/my_package/build/lib
[1.196s] creating /home/pratik/Desktop/ros2_learning/build/my_package/build/lib/my_package
[1.196s] copying my_package/__init__.py -> /home/pratik/Desktop/ros2_learning/build/my_package/build/lib/my_package
[1.197s] copying my_package/my_node.py -> /home/pratik/Desktop/ros2_learning/build/my_package/build/lib/my_package
[1.220s] running install
[1.224s] running install_lib
[1.235s] creating /home/pratik/Desktop/ros2_learning/install/my_package/lib/python3.8/site-packages/my_package
[1.235s] copying /home/pratik/Desktop/ros2_learning/build/my_package/build/lib/my_package/__init__.py -> /home/pratik/Desktop/ros2_learning/install/my_package/lib/python3.8/site-packages/my_package
[1.235s] copying /home/pratik/Desktop/ros2_learning/build/my_package/build/lib/my_package/my_node.py -> /home/pratik/Desktop/ros2_learning/install/my_package/lib/python3.8/site-packages/my_package
[1.236s] byte-compiling /home/pratik/Desktop/ros2_learning/install/my_package/lib/python3.8/site-packages/my_package/__init__.py to __init__.cpython-38.pyc
[1.238s] byte-compiling /home/pratik/Desktop/ros2_learning/install/my_package/lib/python3.8/site-packages/my_package/my_node.py to my_node.cpython-38.pyc
[1.246s] running install_data
[1.248s] creating /home/pratik/Desktop/ros2_learning/install/my_package/share/ament_index
[1.248s] creating /home/pratik/Desktop/ros2_learning/install/my_package/share/ament_index/resource_index
[1.248s] creating /home/pratik/Desktop/ros2_learning/install/my_package/share/ament_index/resource_index/packages
[1.248s] copying resource/my_package -> /home/pratik/Desktop/ros2_learning/install/my_package/share/ament_index/resource_index/packages
[1.248s] copying package.xml -> /home/pratik/Desktop/ros2_learning/install/my_package/share/my_package
[1.249s] running install_egg_info
[1.255s] Copying /home/pratik/Desktop/ros2_learning/build/my_package/my_package.egg-info to /home/pratik/Desktop/ros2_learning/install/my_package/lib/python3.8/site-packages/my_package-0.0.0-py3.8.egg-info
[1.256s] running install_scripts
[1.302s] Installing my_node script to /home/pratik/Desktop/ros2_learning/install/my_package/lib/my_package
[1.303s] writing list of installed files to '/home/pratik/Desktop/ros2_learning/build/my_package/install.log'
[1.353s] Invoked command in '/home/pratik/Desktop/ros2_learning/my_package' returned '0': PYTHONPATH=/home/pratik/Desktop/ros2_learning/install/my_package/lib/python3.8/site-packages:${PYTHONPATH} /usr/bin/python3 setup.py egg_info --egg-base /home/pratik/Desktop/ros2_learning/build/my_package build --build-base /home/pratik/Desktop/ros2_learning/build/my_package/build install --prefix /home/pratik/Desktop/ros2_learning/install/my_package --record /home/pratik/Desktop/ros2_learning/build/my_package/install.log --single-version-externally-managed
