[0.286s] Invoking command in '/home/pratik/Desktop/ros2_learning/py_pubsub': PYTHONPATH=/home/pratik/Desktop/ros2_learning/install/py_pubsub/lib/python3.8/site-packages:${PYTHONPATH} /usr/bin/python3 setup.py egg_info --egg-base /home/pratik/Desktop/ros2_learning/build/py_pubsub build --build-base /home/pratik/Desktop/ros2_learning/build/py_pubsub/build install --prefix /home/pratik/Desktop/ros2_learning/install/py_pubsub --record /home/pratik/Desktop/ros2_learning/build/py_pubsub/install.log --single-version-externally-managed
[0.484s] running egg_info
[0.486s] writing /home/pratik/Desktop/ros2_learning/build/py_pubsub/py_pubsub.egg-info/PKG-INFO
[0.486s] writing dependency_links to /home/pratik/Desktop/ros2_learning/build/py_pubsub/py_pubsub.egg-info/dependency_links.txt
[0.487s] writing entry points to /home/pratik/Desktop/ros2_learning/build/py_pubsub/py_pubsub.egg-info/entry_points.txt
[0.487s] writing requirements to /home/pratik/Desktop/ros2_learning/build/py_pubsub/py_pubsub.egg-info/requires.txt
[0.487s] writing top-level names to /home/pratik/Desktop/ros2_learning/build/py_pubsub/py_pubsub.egg-info/top_level.txt
[0.520s] reading manifest file '/home/pratik/Desktop/ros2_learning/build/py_pubsub/py_pubsub.egg-info/SOURCES.txt'
[0.521s] writing manifest file '/home/pratik/Desktop/ros2_learning/build/py_pubsub/py_pubsub.egg-info/SOURCES.txt'
[0.521s] running build
[0.521s] running build_py
[0.522s] copying py_pubsub/subscriber_member_function.py -> /home/pratik/Desktop/ros2_learning/build/py_pubsub/build/lib/py_pubsub
[0.522s] running install
[0.523s] running install_lib
[0.528s] copying /home/pratik/Desktop/ros2_learning/build/py_pubsub/build/lib/py_pubsub/subscriber_member_function.py -> /home/pratik/Desktop/ros2_learning/install/py_pubsub/lib/python3.8/site-packages/py_pubsub
[0.529s] byte-compiling /home/pratik/Desktop/ros2_learning/install/py_pubsub/lib/python3.8/site-packages/py_pubsub/subscriber_member_function.py to subscriber_member_function.cpython-38.pyc
[0.531s] running install_data
[0.531s] running install_egg_info
[0.533s] removing '/home/pratik/Desktop/ros2_learning/install/py_pubsub/lib/python3.8/site-packages/py_pubsub-0.0.0-py3.8.egg-info' (and everything under it)
[0.533s] Copying /home/pratik/Desktop/ros2_learning/build/py_pubsub/py_pubsub.egg-info to /home/pratik/Desktop/ros2_learning/install/py_pubsub/lib/python3.8/site-packages/py_pubsub-0.0.0-py3.8.egg-info
[0.534s] running install_scripts
[0.555s] Installing listener script to /home/pratik/Desktop/ros2_learning/install/py_pubsub/lib/py_pubsub
[0.556s] Installing talker script to /home/pratik/Desktop/ros2_learning/install/py_pubsub/lib/py_pubsub
[0.556s] writing list of installed files to '/home/pratik/Desktop/ros2_learning/build/py_pubsub/install.log'
[0.578s] Invoked command in '/home/pratik/Desktop/ros2_learning/py_pubsub' returned '0': PYTHONPATH=/home/pratik/Desktop/ros2_learning/install/py_pubsub/lib/python3.8/site-packages:${PYTHONPATH} /usr/bin/python3 setup.py egg_info --egg-base /home/pratik/Desktop/ros2_learning/build/py_pubsub build --build-base /home/pratik/Desktop/ros2_learning/build/py_pubsub/build install --prefix /home/pratik/Desktop/ros2_learning/install/py_pubsub --record /home/pratik/Desktop/ros2_learning/build/py_pubsub/install.log --single-version-externally-managed
