[0.340s] Invoking command in '/home/pratik/Desktop/ros2_learning/py_pubsub': PYTHONPATH=/home/pratik/Desktop/ros2_learning/install/py_pubsub/lib/python3.8/site-packages:${PYTHONPATH} /usr/bin/python3 setup.py egg_info --egg-base /home/pratik/Desktop/ros2_learning/build/py_pubsub build --build-base /home/pratik/Desktop/ros2_learning/build/py_pubsub/build install --prefix /home/pratik/Desktop/ros2_learning/install/py_pubsub --record /home/pratik/Desktop/ros2_learning/build/py_pubsub/install.log --single-version-externally-managed
[0.481s] running egg_info
[0.482s] writing /home/pratik/Desktop/ros2_learning/build/py_pubsub/py_pubsub.egg-info/PKG-INFO
[0.483s] writing dependency_links to /home/pratik/Desktop/ros2_learning/build/py_pubsub/py_pubsub.egg-info/dependency_links.txt
[0.483s] writing entry points to /home/pratik/Desktop/ros2_learning/build/py_pubsub/py_pubsub.egg-info/entry_points.txt
[0.483s] writing requirements to /home/pratik/Desktop/ros2_learning/build/py_pubsub/py_pubsub.egg-info/requires.txt
[0.484s] writing top-level names to /home/pratik/Desktop/ros2_learning/build/py_pubsub/py_pubsub.egg-info/top_level.txt
[0.515s] reading manifest file '/home/pratik/Desktop/ros2_learning/build/py_pubsub/py_pubsub.egg-info/SOURCES.txt'
[0.516s] writing manifest file '/home/pratik/Desktop/ros2_learning/build/py_pubsub/py_pubsub.egg-info/SOURCES.txt'
[0.516s] running build
[0.516s] running build_py
[0.517s] running install
[0.518s] running install_lib
[0.519s] running install_data
[0.520s] running install_egg_info
[0.521s] removing '/home/pratik/Desktop/ros2_learning/install/py_pubsub/lib/python3.8/site-packages/py_pubsub-0.0.0-py3.8.egg-info' (and everything under it)
[0.522s] Copying /home/pratik/Desktop/ros2_learning/build/py_pubsub/py_pubsub.egg-info to /home/pratik/Desktop/ros2_learning/install/py_pubsub/lib/python3.8/site-packages/py_pubsub-0.0.0-py3.8.egg-info
[0.523s] running install_scripts
[0.538s] Installing listener script to /home/pratik/Desktop/ros2_learning/install/py_pubsub/lib/py_pubsub
[0.539s] Installing talker script to /home/pratik/Desktop/ros2_learning/install/py_pubsub/lib/py_pubsub
[0.539s] writing list of installed files to '/home/pratik/Desktop/ros2_learning/build/py_pubsub/install.log'
[0.564s] Invoked command in '/home/pratik/Desktop/ros2_learning/py_pubsub' returned '0': PYTHONPATH=/home/pratik/Desktop/ros2_learning/install/py_pubsub/lib/python3.8/site-packages:${PYTHONPATH} /usr/bin/python3 setup.py egg_info --egg-base /home/pratik/Desktop/ros2_learning/build/py_pubsub build --build-base /home/pratik/Desktop/ros2_learning/build/py_pubsub/build install --prefix /home/pratik/Desktop/ros2_learning/install/py_pubsub --record /home/pratik/Desktop/ros2_learning/build/py_pubsub/install.log --single-version-externally-managed
